[backblue.gif]
[fade.gif]
[index.html]
[baohiemxahoi.asia/pages/login.html]
[baohiemxahoi.asia/index.html]
[baohiemxahoi.asia/public/css/style.css]
[cdnjs.cloudflare.com/ajax/libs/font-awesome/6.7.1/css/all.min.css]
[baohiemxahoi.asia/image/thuedinetu.png]
[baohiemxahoi.asia/pages/end-loading.html]
[baohiemxahoi.asia/public/js/style.js]
[baohiemxahoi.asia/image/1679018362827_unnamed.png]
[baohiemxahoi.asia/pages/process_login.html]
[baohiemxahoi.asia/pages/home.php]
[baohiemxahoi.asia/pages/login.html]
[baohiemxahoi.asia/image/background.png]
[baohiemxahoi.asia/image/trongdong.png]
[baohiemxahoi.asia/image/trong.png]
[baohiemxahoi.asia/public/css/style.css]
[cdnjs.cloudflare.com/ajax/libs/font-awesome/6.7.1/css/all.min.css]
[baohiemxahoi.asia/pages/confirm.php]
[baohiemxahoi.asia/pages/end-loading.html]
[baohiemxahoi.asia/image/theunotexxt (1).png]
[baohiemxahoi.asia/pages/POST.html]
[baohiemxahoi.asia/pages/process_login.html]
